Using pre-set license
Built from '2020.2/staging' branch; Version is '2020.2.7f1 (c53830e277f1) revision 12924976'; Using compiler version '192528614'; Build Type 'Release'
OS: 'Windows 10 Education; OS build 19042.1826; Version 2009; 64bit' Language: 'en' Physical Memory: 16299 MB
BatchMode: 1, IsHumanControllingUs: 0, StartBugReporterOnCrash: 0, Is64bit: 1, IsPro: 0

 COMMAND LINE ARGUMENTS:
C:\Program Files\Unity\Hub\Editor\2020.2.7f1\Editor\Unity.exe
-adb2
-batchMode
-noUpm
-name
AssetImportWorker0
-projectPath
G:/Github/DR-EC/DR-EC
-logFile
Logs/AssetImportWorker0.log
-srvPort
59333
Successfully changed project path to: G:/Github/DR-EC/DR-EC
G:/Github/DR-EC/DR-EC
Using Asset Import Pipeline V2.
Refreshing native plugins compatible for Editor in 37.97 ms, found 1 plugins.
Preloading 0 native plugins for Editor in 0.00 ms.
Initialize engine version: 2020.2.7f1 (c53830e277f1)
[Subsystems] Discovering subsystems at path C:/Program Files/Unity/Hub/Editor/2020.2.7f1/Editor/Data/Resources/UnitySubsystems
[Subsystems] Discovering subsystems at path G:/Github/DR-EC/DR-EC/Assets
GfxDevice: creating device client; threaded=0
Direct3D:
    Version:  Direct3D 11.0 [level 11.1]
    Renderer: NVIDIA GeForce GTX 1080 Ti (ID=0x1b06)
    Vendor:   
    VRAM:     11127 MB
    Driver:   30.0.15.1165
Initialize mono
Mono path[0] = 'C:/Program Files/Unity/Hub/Editor/2020.2.7f1/Editor/Data/Managed'
Mono path[1] = 'C:/Program Files/Unity/Hub/Editor/2020.2.7f1/Editor/Data/MonoBleedingEdge/lib/mono/unityjit'
Mono config path = 'C:/Program Files/Unity/Hub/Editor/2020.2.7f1/Editor/Data/MonoBleedingEdge/etc'
Using monoOptions --debugger-agent=transport=dt_socket,embedding=1,server=y,suspend=n,address=127.0.0.1:56704
Begin MonoManager ReloadAssembly
Registering precompiled unity dll's ...
Register platform support module: C:/Program Files/Unity/Hub/Editor/2020.2.7f1/Editor/Data/PlaybackEngines/WindowsStandaloneSupport/UnityEditor.WindowsStandalone.Extensions.dll
Registered in 0.004206 seconds.
Native extension for WindowsStandalone target not found
Refreshing native plugins compatible for Editor in 36.59 ms, found 1 plugins.
Preloading 0 native plugins for Editor in 0.00 ms.
Invoked RoslynAnalysisRunner static constructor.
RoslynAnalysisRunner will not be running.
RoslynAnalysisRunner has terminated.
Mono: successfully reloaded assembly
- Completed reload, in  1.186 seconds
Platform modules already initialized, skipping
Registering precompiled user dll's ...
Registered in 0.001190 seconds.
Begin MonoManager ReloadAssembly
Native extension for WindowsStandalone target not found
Refreshing native plugins compatible for Editor in 36.46 ms, found 1 plugins.
Preloading 0 native plugins for Editor in 0.00 ms.
Invoked RoslynAnalysisRunner static constructor.
RoslynAnalysisRunner will not be running.
RoslynAnalysisRunner has terminated.
Mono: successfully reloaded assembly
- Completed reload, in  0.959 seconds
Platform modules already initialized, skipping
========================================================================
Worker process is ready to serve import requests
Launched and connected shader compiler UnityShaderCompiler.exe after 0.07 seconds
Refreshing native plugins compatible for Editor in 0.33 ms, found 1 plugins.
Preloading 0 native plugins for Editor in 0.00 ms.
Unloading 1816 Unused Serialized files (Serialized files now loaded: 0)
System memory in use before: 85.0 MB.
System memory in use after: 84.9 MB.

Unloading 24 unused Assets to reduce memory usage. Loaded Objects now: 2258.
Total: 1.629200 ms (FindLiveObjects: 0.164000 ms CreateObjectMapping: 0.059100 ms MarkObjects: 1.297100 ms  DeleteObjects: 0.107900 ms)

========================================================================
Received Import Request.
  path: Assets/HyperLuminal/2D Fantasy Forest Tileset/Scripts/CameraFollow.cs
  artifactKey: Guid(fb7c4907b5f183e40b156b1c165e10c2) Importer(815301076,1909f56bfc062723c751e8b465ee728b)
Start importing Assets/HyperLuminal/2D Fantasy Forest Tileset/Scripts/CameraFollow.cs using Guid(fb7c4907b5f183e40b156b1c165e10c2) Importer(815301076,1909f56bfc062723c751e8b465ee728b)  -> (artifact id: '1dc4c40adab29dca0d0a5529108987af') in 0.082591 seconds
  Import took 0.086170 seconds .

========================================================================
Received Import Request.
  Time since last request: 5.698142 seconds.
  path: Assets/HyperLuminal/2D Fantasy Forest Tileset/Scripts/CollectableBounce.cs
  artifactKey: Guid(f99bbef1c54c5e34781f4c5bd2d83d95) Importer(815301076,1909f56bfc062723c751e8b465ee728b)
Start importing Assets/HyperLuminal/2D Fantasy Forest Tileset/Scripts/CollectableBounce.cs using Guid(f99bbef1c54c5e34781f4c5bd2d83d95) Importer(815301076,1909f56bfc062723c751e8b465ee728b)  -> (artifact id: '5156f916cd88d0f5d38bb0a7aff8d9a7') in 0.013470 seconds
  Import took 0.019232 seconds .

========================================================================
Received Import Request.
  Time since last request: 0.663572 seconds.
  path: Assets/HyperLuminal/2D Fantasy Forest Tileset/Scripts/Door.cs
  artifactKey: Guid(31105fa0ed0c70f4d89fa48f4a812610) Importer(815301076,1909f56bfc062723c751e8b465ee728b)
Start importing Assets/HyperLuminal/2D Fantasy Forest Tileset/Scripts/Door.cs using Guid(31105fa0ed0c70f4d89fa48f4a812610) Importer(815301076,1909f56bfc062723c751e8b465ee728b)  -> (artifact id: '32e9b84d82eed1fe608434fe939d2ab9') in 0.011700 seconds
  Import took 0.055545 seconds .

========================================================================
Received Import Request.
  Time since last request: 24.048723 seconds.
  path: Assets/HyperLuminal/2D Fantasy Forest Tileset/Scripts/FadeScript.cs
  artifactKey: Guid(6d0d2c342d5db354f8ac168a7453cf0c) Importer(815301076,1909f56bfc062723c751e8b465ee728b)
Start importing Assets/HyperLuminal/2D Fantasy Forest Tileset/Scripts/FadeScript.cs using Guid(6d0d2c342d5db354f8ac168a7453cf0c) Importer(815301076,1909f56bfc062723c751e8b465ee728b)  -> (artifact id: '987febcae75f47eb5785d26d7af3e8e3') in 0.009323 seconds
  Import took 0.013215 seconds .

========================================================================
Received Import Request.
  Time since last request: 0.896090 seconds.
  path: Assets/HyperLuminal/2D Fantasy Forest Tileset/Scripts/MenuButtons.cs
  artifactKey: Guid(4713d7cebedeac14fa9d0d08cd53f493) Importer(815301076,1909f56bfc062723c751e8b465ee728b)
Start importing Assets/HyperLuminal/2D Fantasy Forest Tileset/Scripts/MenuButtons.cs using Guid(4713d7cebedeac14fa9d0d08cd53f493) Importer(815301076,1909f56bfc062723c751e8b465ee728b)  -> (artifact id: '0ff72e10f136a92a0dcebf736eca00e5') in 0.008082 seconds
  Import took 0.011436 seconds .

========================================================================
Received Import Request.
  Time since last request: 5.908176 seconds.
  path: Assets/HyperLuminal/2D Fantasy Forest Tileset/Scripts/Trigger.cs
  artifactKey: Guid(c7605271bdb30e94da3a6251e793811b) Importer(815301076,1909f56bfc062723c751e8b465ee728b)
Start importing Assets/HyperLuminal/2D Fantasy Forest Tileset/Scripts/Trigger.cs using Guid(c7605271bdb30e94da3a6251e793811b) Importer(815301076,1909f56bfc062723c751e8b465ee728b)  -> (artifact id: '2fdf716e9e9efbf0ce1cbbd181910b87') in 0.012556 seconds
  Import took 0.015686 seconds .

========================================================================
Received Import Request.
  Time since last request: 1.022760 seconds.
  path: Assets/HyperLuminal/2D Fantasy Forest Tileset/Scripts/TimedAnimations.cs
  artifactKey: Guid(86b38eea5c53e54489159d17b444d71d) Importer(815301076,1909f56bfc062723c751e8b465ee728b)
Start importing Assets/HyperLuminal/2D Fantasy Forest Tileset/Scripts/TimedAnimations.cs using Guid(86b38eea5c53e54489159d17b444d71d) Importer(815301076,1909f56bfc062723c751e8b465ee728b)  -> (artifact id: 'a45b4ddb2f8533fefb985a614d77b605') in 0.009308 seconds
  Import took 0.012385 seconds .

========================================================================
Received Import Request.
  Time since last request: 2.086108 seconds.
  path: Assets/HyperLuminal/2D Fantasy Forest Tileset/Scripts/SpikeTrap.cs
  artifactKey: Guid(34256ee56dcded740a76dcf1a67e90f6) Importer(815301076,1909f56bfc062723c751e8b465ee728b)
Start importing Assets/HyperLuminal/2D Fantasy Forest Tileset/Scripts/SpikeTrap.cs using Guid(34256ee56dcded740a76dcf1a67e90f6) Importer(815301076,1909f56bfc062723c751e8b465ee728b)  -> (artifact id: 'f22f4c3a57d686ebea898d5ce9d542e8') in 0.008616 seconds
  Import took 0.011739 seconds .

========================================================================
Received Import Request.
  Time since last request: 13.483285 seconds.
  path: Assets/HyperLuminal/2D Fantasy Forest Tileset/Tileset/Materials
  artifactKey: Guid(5a2ff3d6582c5b547bf2f6f904653e85) Importer(815301076,1909f56bfc062723c751e8b465ee728b)
Start importing Assets/HyperLuminal/2D Fantasy Forest Tileset/Tileset/Materials using Guid(5a2ff3d6582c5b547bf2f6f904653e85) Importer(815301076,1909f56bfc062723c751e8b465ee728b)  -> (artifact id: '6a3c28364bc099ad1d3f1efe9b3bd3ac') in 0.007270 seconds
  Import took 0.011124 seconds .

========================================================================
Received Prepare
Registering precompiled user dll's ...
Registered in 0.001659 seconds.
Begin MonoManager ReloadAssembly
Native extension for WindowsStandalone target not found
Refreshing native plugins compatible for Editor in 0.35 ms, found 1 plugins.
Preloading 0 native plugins for Editor in 0.00 ms.
Invoked RoslynAnalysisRunner static constructor.
RoslynAnalysisRunner will not be running.
RoslynAnalysisRunner has terminated.
Mono: successfully reloaded assembly
- Completed reload, in  0.763 seconds
Platform modules already initialized, skipping
Refreshing native plugins compatible for Editor in 0.34 ms, found 1 plugins.
Preloading 0 native plugins for Editor in 0.00 ms.
Unloading 1811 Unused Serialized files (Serialized files now loaded: 0)
System memory in use before: 85.0 MB.
System memory in use after: 84.9 MB.

Unloading 12 unused Assets to reduce memory usage. Loaded Objects now: 2262.
Total: 1.745200 ms (FindLiveObjects: 0.307200 ms CreateObjectMapping: 0.072200 ms MarkObjects: 1.272400 ms  DeleteObjects: 0.092100 ms)

========================================================================
Received Prepare
Registering precompiled user dll's ...
Registered in 0.001203 seconds.
Begin MonoManager ReloadAssembly
Native extension for WindowsStandalone target not found
Refreshing native plugins compatible for Editor in 0.55 ms, found 1 plugins.
Preloading 0 native plugins for Editor in 0.00 ms.
Invoked RoslynAnalysisRunner static constructor.
RoslynAnalysisRunner will not be running.
RoslynAnalysisRunner has terminated.
Mono: successfully reloaded assembly
- Completed reload, in  0.792 seconds
Platform modules already initialized, skipping
Refreshing native plugins compatible for Editor in 0.38 ms, found 1 plugins.
Preloading 0 native plugins for Editor in 0.00 ms.
Unloading 1811 Unused Serialized files (Serialized files now loaded: 0)
System memory in use before: 85.0 MB.
System memory in use after: 85.0 MB.

Unloading 12 unused Assets to reduce memory usage. Loaded Objects now: 2266.
Total: 1.629800 ms (FindLiveObjects: 0.195100 ms CreateObjectMapping: 0.073900 ms MarkObjects: 1.264600 ms  DeleteObjects: 0.095400 ms)

========================================================================
Received Import Request.
  Time since last request: 162.825880 seconds.
  path: Assets/HyperLuminal/2D Fantasy Forest Tileset/Scripts/CameraFollow.cs
  artifactKey: Guid(fb7c4907b5f183e40b156b1c165e10c2) Importer(815301076,1909f56bfc062723c751e8b465ee728b)
Start importing Assets/HyperLuminal/2D Fantasy Forest Tileset/Scripts/CameraFollow.cs using Guid(fb7c4907b5f183e40b156b1c165e10c2) Importer(815301076,1909f56bfc062723c751e8b465ee728b)  -> (artifact id: '4d5f7809eb0ccd9db3d347b9b085be86') in 0.008130 seconds
  Import took 0.010939 seconds .

========================================================================
Received Import Request.
  Time since last request: 158.125285 seconds.
  path: Assets/HyperLuminal/2D Fantasy Forest Tileset/Tileset/Tileset_Sprite_Sheet.png
  artifactKey: Guid(88fa6ee4d13eab74fb6d0910e25eee75) Importer(815301076,1909f56bfc062723c751e8b465ee728b)
Start importing Assets/HyperLuminal/2D Fantasy Forest Tileset/Tileset/Tileset_Sprite_Sheet.png using Guid(88fa6ee4d13eab74fb6d0910e25eee75) Importer(815301076,1909f56bfc062723c751e8b465ee728b)  -> (artifact id: '347b1252692e223e13178e724e7f7a42') in 0.202252 seconds
  Import took 0.205717 seconds .

========================================================================
Received Import Request.
  Time since last request: 17.665265 seconds.
  path: Assets/HyperLuminal/2D Fantasy Forest Tileset/Tileset/forest/forest_day/tall_tree_rock.png
  artifactKey: Guid(372419b3b0668b64a9c0c4a35e958119) Importer(815301076,1909f56bfc062723c751e8b465ee728b)
Start importing Assets/HyperLuminal/2D Fantasy Forest Tileset/Tileset/forest/forest_day/tall_tree_rock.png using Guid(372419b3b0668b64a9c0c4a35e958119) Importer(815301076,1909f56bfc062723c751e8b465ee728b)  -> (artifact id: '27f2fbcc3387545e5374aa92812d6f13') in 0.048677 seconds
  Import took 0.051531 seconds .

========================================================================
Received Import Request.
  Time since last request: 14.617399 seconds.
  path: Assets/HyperLuminal/2D Fantasy Forest Tileset/Tileset/forest/forest_day/tree_stump_mushrooms1.png
  artifactKey: Guid(5a45a7a6d3b295f45af3f3b8788a67f8) Importer(815301076,1909f56bfc062723c751e8b465ee728b)
Start importing Assets/HyperLuminal/2D Fantasy Forest Tileset/Tileset/forest/forest_day/tree_stump_mushrooms1.png using Guid(5a45a7a6d3b295f45af3f3b8788a67f8) Importer(815301076,1909f56bfc062723c751e8b465ee728b)  -> (artifact id: 'ac5f611e96ae735e9e277ad4da9fb5b9') in 0.022137 seconds
  Import took 0.025562 seconds .

========================================================================
Received Import Request.
  Time since last request: 2.364894 seconds.
  path: Assets/HyperLuminal/2D Fantasy Forest Tileset/Tileset/forest/forest_day/tree_stump_mushrooms2.png
  artifactKey: Guid(10296d4fb2c74d449892d4adabdfbcfa) Importer(815301076,1909f56bfc062723c751e8b465ee728b)
Start importing Assets/HyperLuminal/2D Fantasy Forest Tileset/Tileset/forest/forest_day/tree_stump_mushrooms2.png using Guid(10296d4fb2c74d449892d4adabdfbcfa) Importer(815301076,1909f56bfc062723c751e8b465ee728b)  -> (artifact id: '6a1accbb49c34e6c4549da12e7007e38') in 0.015744 seconds
  Import took 0.018496 seconds .

========================================================================
Received Import Request.
  Time since last request: 2.209506 seconds.
  path: Assets/HyperLuminal/2D Fantasy Forest Tileset/Tileset/forest/forest_day/two_trees.png
  artifactKey: Guid(07f5c784c5858534aa49f850754e0916) Importer(815301076,1909f56bfc062723c751e8b465ee728b)
Start importing Assets/HyperLuminal/2D Fantasy Forest Tileset/Tileset/forest/forest_day/two_trees.png using Guid(07f5c784c5858534aa49f850754e0916) Importer(815301076,1909f56bfc062723c751e8b465ee728b)  -> (artifact id: 'f4e03090323c05c61023db62188a70b9') in 0.018229 seconds
  Import took 0.021167 seconds .

AssetImportWorkerClient::OnTransportError - code=2 error=End of file
